{
  "RSpec": {
    "coverage": {
      "/Users/matthewmyers/Documents/scheduler_week4/models/service.rb": [
        null,
        1,
        1,
        1,
        19,
        19,
        19,
        null,
        null,
        null,
        1,
        0,
        null,
        null,
        1,
        0,
        null,
        null
      ],
      "/Users/matthewmyers/Documents/scheduler_week4/models/serviceProvider.rb": [
        1,
        1,
        1,
        13,
        13,
        13,
        13,
        13,
        null,
        null,
        null,
        1,
        2,
        2,
        1,
        null,
        null,
        null,
        null,
        null,
        1,
        0,
        0,
        0,
        null,
        null,
        null,
        1,
        0,
        0,
        0,
        0,
        null,
        0,
        null,
        null,
        1,
        0,
        0,
        0,
        0,
        0,
        null,
        0,
        null,
        null,
        1,
        14,
        18,
        13,
        null,
        null,
        1,
        null,
        null,
        null,
        1,
        17,
        null,
        null,
        null,
        1,
        null,
        12,
        null,
        null,
        12,
        null,
        null,
        12,
        null,
        null,
        12,
        null,
        12,
        null,
        null,
        null,
        null,
        1,
        12,
        12,
        null,
        5,
        1,
        1,
        1,
        null,
        null,
        null,
        null,
        null,
        4,
        2,
        null,
        null,
        9,
        null,
        null,
        1,
        12,
        null,
        2,
        1,
        1,
        1,
        null,
        null,
        null,
        null,
        1,
        1,
        1,
        null,
        null,
        null,
        null,
        10,
        null,
        null,
        1,
        null,
        10,
        6,
        6,
        6,
        6,
        null,
        4,
        4,
        4,
        null,
        null,
        null,
        1,
        null,
        3,
        null,
        null,
        null
      ],
      "/Users/matthewmyers/Documents/scheduler_week4/models/appointment.rb": [
        1,
        1,
        1,
        6,
        6,
        6,
        6,
        null,
        null,
        null,
        1,
        0,
        null,
        null,
        1,
        0,
        0,
        0,
        null,
        0,
        null,
        null
      ],
      "/Users/matthewmyers/Documents/scheduler_week4/models/timeblock.rb": [
        1,
        1,
        1,
        13,
        13,
        13,
        13,
        13,
        13,
        13,
        null,
        null,
        null,
        1,
        null,
        1,
        1,
        1,
        null,
        null,
        1,
        null,
        null,
        1,
        1,
        1,
        1,
        null,
        1,
        1,
        1,
        null,
        null,
        1,
        null,
        null,
        4,
        null,
        4,
        null,
        4,
        null,
        null,
        1,
        null,
        null,
        1,
        1,
        1,
        1,
        null,
        1,
        null,
        null,
        1,
        null,
        null,
        1,
        null,
        null,
        1,
        0,
        null,
        null,
        1,
        0,
        null,
        null,
        1,
        0,
        null,
        null
      ],
      "/Users/matthewmyers/Documents/scheduler_week4/lib/print.rb": [
        null,
        1,
        6,
        6,
        null,
        null,
        1,
        0,
        0,
        0,
        0,
        null,
        null,
        1,
        0,
        0,
        0,
        0,
        null,
        0,
        0,
        null,
        null,
        1,
        0,
        0,
        0,
        0,
        null,
        0,
        0,
        null
      ],
      "/Users/matthewmyers/Documents/scheduler_week4/seeder/init.rb": [
        null,
        null,
        1,
        0,
        null,
        0,
        null,
        null,
        null,
        null,
        0,
        null,
        null,
        null,
        0,
        0,
        null,
        0,
        0,
        0,
        0,
        0,
        null,
        0,
        0,
        0,
        0,
        null
      ],
      "/Users/matthewmyers/Documents/scheduler_week4/lib/colors.rb": [
        1,
        1,
        1,
        1,
        1,
        1,
        1,
        null,
        1,
        1,
        1,
        1,
        1,
        1,
        1,
        1,
        null,
        1,
        1,
        1,
        1,
        1,
        1,
        1,
        1
      ],
      "/Users/matthewmyers/Documents/scheduler_week4/models/availability.rb": [
        null,
        1,
        1,
        1,
        0,
        0,
        0,
        null,
        null,
        null,
        1,
        0,
        null,
        null,
        null
      ]
    },
    "timestamp": 1560988116
  }
}
